[Appium] Welcome to Appium v1.6.5
[Appium] Non-default server args:
[Appium]   port: 4491
[Appium]   bootstrapPort: 2233
[Appium]   udid: MSM8926
[Appium] Deprecated server args:
[Appium]   -U,--udid => --default-capabilities '{"udid":"MSM8926"}'
[Appium] Default capabilities, which will be added to each request unless overridden by desired capabilities:
[Appium]   udid: 'MSM8926'
[Appium] Appium REST http interface listener started on 0.0.0.0:4491
[HTTP] --> POST /wd/hub/session {"desiredCapabilities":{"appPackage":"com.moji.mjweather","appActivity":"LauncherActivity","app":"e:\\apps\\moji.apk","noReset":true,"noSign":"True","newCommandTimeout":"600","unicodeKeyboard":"True","udid":"MSM8926","platformName":"Android","deviceName":"MSM8926","resetKeyboard":"True"}}
[debug] [MJSONWP] Calling AppiumDriver.createSession() with args: [{"appPackage":"com.moji.mjweather","appActivity":"LauncherActivity","app":"e:\\apps\\moji.apk","noReset":true,"noSign":"True","newCommandTimeout":"600","unicodeKeyboard":"True","udid":"MSM8926","platformName":"Android","deviceName":"MSM8926","resetKeyboard":"True"},null,null]
[debug] [BaseDriver] Event 'newSessionRequested' logged at 1500521840342 (11:37:20 GMT+0800 (中国标准时间))
[Appium] Creating new AndroidDriver (v1.20.0) session
[Appium] Capabilities:
[Appium]   appPackage: 'com.moji.mjweather'
[Appium]   appActivity: 'LauncherActivity'
[Appium]   app: 'e:\\apps\\moji.apk'
[Appium]   noReset: true
[Appium]   noSign: 'True'
[Appium]   newCommandTimeout: '600'
[Appium]   unicodeKeyboard: 'True'
[Appium]   udid: 'MSM8926'
[Appium]   platformName: 'Android'
[Appium]   deviceName: 'MSM8926'
[Appium]   resetKeyboard: 'True'
[debug] [AndroidDriver] AndroidDriver version: 1.20.0
[BaseDriver] Capability 'unicodeKeyboard' changed from string to boolean. This may cause unexpected behavior
[BaseDriver] Capability 'resetKeyboard' changed from string to boolean. This may cause unexpected behavior
[BaseDriver] Capability 'noSign' changed from string to boolean. This may cause unexpected behavior
[BaseDriver] Capability 'newCommandTimeout' changed from string ('600') to integer (600). This may cause unexpected behavior
[BaseDriver] Session created with session id: 49217719-78da-45f0-af14-80b06e43684e
[debug] [AndroidDriver] Getting Java version
[AndroidDriver] Java version is: 1.8.0_131
[ADB] Checking whether adb is present
[ADB] Using adb.exe from C:\Android\sdk\platform-tools\adb.exe
[AndroidDriver] Retrieving device list
[debug] [ADB] Trying to find a connected android device
[debug] [ADB] Getting connected devices...
[debug] [ADB] 1 device(s) connected
[AndroidDriver] Using device: MSM8926
[ADB] Checking whether adb is present
[ADB] Using adb.exe from C:\Android\sdk\platform-tools\adb.exe
[debug] [ADB] Setting device id to MSM8926
[BaseDriver] Using local app 'e:\apps\moji.apk'
[debug] [AndroidDriver] Checking whether app is actually present
[AndroidDriver] Starting Android session
[debug] [ADB] Running 'C:\Android\sdk\platform-tools\adb.exe' with args: ["-P",5037,"-s","MSM8926","wait-for-device"]
[debug] [ADB] Getting connected devices...
[debug] [ADB] 1 device(s) connected
[debug] [ADB] Running 'C:\Android\sdk\platform-tools\adb.exe' with args: ["-P",5037,"-s","MSM8926","shell","echo","ping"]
[debug] [Logcat] Starting logcat capture
[debug] [AndroidDriver] Enabling Unicode keyboard support
[debug] [AndroidDriver] Pushing unicode ime to device...
[debug] [ADB] Running 'C:\Android\sdk\platform-tools\adb.exe' with args: ["-P",5037,"-s","MSM8926","install","C:\\tools\\node-v8.0.0-win-x64\\node-v8.0.0-win-x64\\node_modules\\appium\\node_modules\\appium-android-ime\\bin\\UnicodeIME-debug.apk"]
[debug] [ADB] Getting connected devices...
[debug] [ADB] 1 device(s) connected
[debug] [ADB] Running 'C:\Android\sdk\platform-tools\adb.exe' with args: ["-P",5037,"-s","MSM8926","shell","settings","get","secure","default_input_method"]
[debug] [AndroidDriver] Unsetting previous IME com.sohu.inputmethod.sogou/.SogouIME
[debug] [AndroidDriver] Setting IME to 'io.appium.android.ime/.UnicodeIME'
[debug] [ADB] Getting connected devices...
[debug] [ADB] 1 device(s) connected
[debug] [ADB] Running 'C:\Android\sdk\platform-tools\adb.exe' with args: ["-P",5037,"-s","MSM8926","shell","ime","enable","io.appium.android.ime/.UnicodeIME"]
[debug] [ADB] Getting connected devices...
[debug] [ADB] 1 device(s) connected
[debug] [ADB] Running 'C:\Android\sdk\platform-tools\adb.exe' with args: ["-P",5037,"-s","MSM8926","shell","ime","set","io.appium.android.ime/.UnicodeIME"]
[debug] [AndroidDriver] Pushing settings apk to device...
[debug] [ADB] Getting install status for io.appium.settings
[debug] [ADB] Getting connected devices...
[debug] [ADB] 1 device(s) connected
[debug] [ADB] Running 'C:\Android\sdk\platform-tools\adb.exe' with args: ["-P",5037,"-s","MSM8926","shell","pm","list","packages","io.appium.settings"]
[debug] [ADB] App is installed
[debug] [ADB] Getting package info for io.appium.settings
[debug] [ADB] Getting connected devices...
[ADB] Checking whether aapt is present
[ADB] Using aapt.exe from C:\Android\sdk\build-tools\26.0.0\aapt.exe
[debug] [ADB] 1 device(s) connected
[debug] [ADB] Running 'C:\Android\sdk\platform-tools\adb.exe' with args: ["-P",5037,"-s","MSM8926","shell","dumpsys","package","io.appium.settings"]
[ADB] Cannot read version codes of C:\tools\node-v8.0.0-win-x64\node-v8.0.0-win-x64\node_modules\appium\node_modules\io.appium.settings\app\build\outputs\apk\settings_apk-debug.apk and/or io.appium.settings. Assuming correct app version is already installed
[debug] [ADB] Getting connected devices...
[debug] [ADB] 1 device(s) connected
[debug] [ADB] Running 'C:\Android\sdk\platform-tools\adb.exe' with args: ["-P",5037,"-s","MSM8926","shell","getprop","ro.build.version.sdk"]
[debug] [ADB] Device API level: 18
[debug] [ADB] Getting connected devices...
[debug] [ADB] 1 device(s) connected
[debug] [ADB] Running 'C:\Android\sdk\platform-tools\adb.exe' with args: ["-P",5037,"-s","MSM8926","shell","dumpsys","package","io.appium.settings"]
[debug] [AndroidDriver] Pushing unlock helper app to device...
[debug] [ADB] Running 'C:\Android\sdk\platform-tools\adb.exe' with args: ["-P",5037,"-s","MSM8926","install","C:\\tools\\node-v8.0.0-win-x64\\node-v8.0.0-win-x64\\node_modules\\appium\\node_modules\\appium-unlock\\bin\\unlock_apk-debug.apk"]
[debug] [ADB] Device API level: 18
[debug] [ADB] Getting connected devices...
[debug] [ADB] 1 device(s) connected
[debug] [ADB] Running 'C:\Android\sdk\platform-tools\adb.exe' with args: ["-P",5037,"-s","MSM8926","shell","settings","put","secure","mock_location","1"]
[ADB] Getting device platform version
[debug] [ADB] Getting connected devices...
[debug] [ADB] 1 device(s) connected
[debug] [ADB] Running 'C:\Android\sdk\platform-tools\adb.exe' with args: ["-P",5037,"-s","MSM8926","shell","getprop","ro.build.version.release"]
[debug] [ADB] Getting connected devices...
[debug] [ADB] 1 device(s) connected
[debug] [ADB] Running 'C:\Android\sdk\platform-tools\adb.exe' with args: ["-P",5037,"-s","MSM8926","shell","wm","size"]
[debug] [ADB] Getting connected devices...
[debug] [ADB] 1 device(s) connected
[debug] [ADB] Running 'C:\Android\sdk\platform-tools\adb.exe' with args: ["-P",5037,"-s","MSM8926","shell","getprop","ro.product.model"]
[debug] [ADB] Current device property 'ro.product.model': N9180
[debug] [ADB] Getting connected devices...
[debug] [ADB] 1 device(s) connected
[debug] [ADB] Running 'C:\Android\sdk\platform-tools\adb.exe' with args: ["-P",5037,"-s","MSM8926","shell","getprop","ro.product.manufacturer"]
[debug] [ADB] Current device property 'ro.product.manufacturer': ZTE
[AndroidDriver] Remote apk path is /data/local/tmp/e84f7aadee2692fc2a7acdd7c9149440.apk
[debug] [ADB] Getting connected devices...
[debug] [ADB] 1 device(s) connected
[debug] [ADB] Running 'C:\Android\sdk\platform-tools\adb.exe' with args: ["-P",5037,"-s","MSM8926","shell","ls","/data/local/tmp/e84f7aadee2692fc2a7acdd7c9149440.apk"]
[debug] [AndroidDriver] Checking if app is installed
[debug] [ADB] Getting install status for com.moji.mjweather
[debug] [ADB] Getting connected devices...
[debug] [ADB] 1 device(s) connected
[debug] [ADB] Running 'C:\Android\sdk\platform-tools\adb.exe' with args: ["-P",5037,"-s","MSM8926","shell","pm","list","packages","com.moji.mjweather"]
[debug] [ADB] App is installed
[debug] [AndroidDriver] Extracting strings from apk e:\apps\moji.apk null C:\Users\MLEI~1.ZHA\AppData\Local\Temp\com.moji.mjweather
[debug] [ADB] Extracting strings for language: default
[debug] [ADB] Device API level: 18
[debug] [ADB] Getting connected devices...
[debug] [ADB] 1 device(s) connected
[debug] [ADB] Running 'C:\Android\sdk\platform-tools\adb.exe' with args: ["-P",5037,"-s","MSM8926","shell","getprop","persist.sys.language"]
[debug] [ADB] Current device property 'persist.sys.language': zh
[debug] [ADB] No strings.xml for language 'zh', getting default strings.xml
[AndroidDriver] Could not get strings, continuing anyway
[debug] [ADB] Getting connected devices...
[debug] [ADB] 1 device(s) connected
[debug] [ADB] Running 'C:\Android\sdk\platform-tools\adb.exe' with args: ["-P",5037,"-s","MSM8926","shell","echo"]
[debug] [AndroidBootstrap] Watching for bootstrap disconnect
[debug] [ADB] Forwarding system: 2233 to device: 4724
[debug] [ADB] Running 'C:\Android\sdk\platform-tools\adb.exe' with args: ["-P",5037,"-s","MSM8926","forward","tcp:2233","tcp:4724"]
[debug] [UiAutomator] Starting UiAutomator
[debug] [UiAutomator] Moving to state 'starting'
[debug] [UiAutomator] Parsing uiautomator jar
[debug] [UiAutomator] Found jar name: 'AppiumBootstrap.jar'
[debug] [ADB] Running 'C:\Android\sdk\platform-tools\adb.exe' with args: ["-P",5037,"-s","MSM8926","push","C:\\tools\\node-v8.0.0-win-x64\\node-v8.0.0-win-x64\\node_modules\\appium\\node_modules\\appium-android-bootstrap\\bootstrap\\bin\\AppiumBootstrap.jar","/data/local/tmp/"]
[debug] [ADB] Attempting to kill all uiautomator processes
[debug] [ADB] Getting all processes with uiautomator
[debug] [ADB] Getting connected devices...
[debug] [ADB] 1 device(s) connected
[debug] [ADB] Running 'C:\Android\sdk\platform-tools\adb.exe' with args: ["-P",5037,"-s","MSM8926","shell","ps"]
[ADB] No uiautomator process found to kill, continuing...
[debug] [UiAutomator] Starting UIAutomator
[debug] [ADB] Creating ADB subprocess with args: ["-P",5037,"-s","MSM8926","shell","uiautomator","runtest","AppiumBootstrap.jar","-c","io.appium.android.bootstrap.Bootstrap","-e","pkg","com.moji.mjweather","-e","disableAndroidWatchers",false,"-e","acceptSslCerts",false]
[debug] [UiAutomator] Moving to state 'online'
[AndroidBootstrap] [BOOTSTRAP LOG] [debug] Registered crash watchers.
[AndroidBootstrap] Android bootstrap socket is now connected
[debug] [ADB] Getting connected devices...
[AndroidBootstrap] [BOOTSTRAP LOG] [debug] Client connected
[debug] [ADB] 1 device(s) connected
[debug] [ADB] Running 'C:\Android\sdk\platform-tools\adb.exe' with args: ["-P",5037,"-s","MSM8926","shell","dumpsys","window"]
[AndroidDriver] Screen already unlocked, doing nothing
[debug] [ADB] Device API level: 18
[debug] [ADB] Getting connected devices...
[debug] [ADB] 1 device(s) connected
[debug] [ADB] Running 'C:\Android\sdk\platform-tools\adb.exe' with args: ["-P",5037,"-s","MSM8926","shell","am","start","-W","-n","com.moji.mjweather/LauncherActivity","-S","-a","android.intent.action.MAIN","-c","android.intent.category.LAUNCHER","-f","0x10200000"]
[debug] [ADB] We tried to start an activity that doesn't exist, retrying with . prepended to activity
[debug] [ADB] Device API level: 18
[debug] [ADB] Getting connected devices...
[debug] [ADB] 1 device(s) connected
[debug] [ADB] Running 'C:\Android\sdk\platform-tools\adb.exe' with args: ["-P",5037,"-s","MSM8926","shell","am","start","-W","-n","com.moji.mjweather/.LauncherActivity","-S","-a","android.intent.action.MAIN","-c","android.intent.category.LAUNCHER","-f","0x10200000"]
[Appium] New AndroidDriver session created successfully, session 49217719-78da-45f0-af14-80b06e43684e added to master session list
[debug] [BaseDriver] Event 'newSessionStarted' logged at 1500521859118 (11:37:39 GMT+0800 (中国标准时间))
[debug] [MJSONWP] Responding to client with driver.createSession() result: {"platform":"LINUX","webStorageEnabled":false,"takesScreenshot":true,"javascriptEnabled":true,"databaseEnabled":false,"networkConnectionEnabled":true,"locationContextEnabled":false,"warnings":{},"desired":{"appPackage":"com.moji.mjweather","appActivity":"LauncherActivity","app":"e:\\apps\\moji.apk","noReset":true,"noSign":true,"newCommandTimeout":600,"unicodeKeyboard":true,"udid":"MSM8926","platformName":"Android","deviceName":"MSM8926","resetKeyboard":true},"appPackage":"com.moji.mjweather","appActivity":"LauncherActivity","app":"e:\\apps\\moji.apk","noReset":true,"noSign":true,"newCommandTimeout":600,"unicodeKeyboard":true,"udid":"MSM8926","platformName":"Android","deviceName":"MSM8926","resetKeyboard":true,"deviceUDID":"MSM8926","platformVersion":"4.3","deviceScreenSize":"720x1280","deviceModel":"N9180","deviceManufacturer":"ZTE"}
[HTTP] <-- POST /wd/hub/session 200 18779 ms - 917 
[HTTP] --> POST /wd/hub/session/49217719-78da-45f0-af14-80b06e43684e/element {"using":"id","value":"com.moji.mjweather:id/asu"}
[debug] [MJSONWP] Calling AppiumDriver.findElement() with args: ["id","com.moji.mjweather:id/asu","49217719-78da-45f0-af14-80b06e43684e"]
[debug] [BaseDriver] Valid locator strategies for this request: xpath, id, class name, accessibility id, -android uiautomator
[debug] [BaseDriver] Valid locator strategies for this request: xpath, id, class name, accessibility id, -android uiautomator
[debug] [BaseDriver] Waiting up to 0 ms for condition
[debug] [AndroidBootstrap] Sending command to android: {"cmd":"action","action":"find","params":{"strategy":"id","selector":"com.moji.mjweather:id/asu","context":"","multiple":false}}
[AndroidBootstrap] [BOOTSTRAP LOG] [debug] Got data from client: {"cmd":"action","action":"find","params":{"strategy":"id","selector":"com.moji.mjweather:id/asu","context":"","multiple":false}}
[AndroidBootstrap] [BOOTSTRAP LOG] [debug] Got command of type ACTION
[AndroidBootstrap] [BOOTSTRAP LOG] [debug] Got command action: find
[AndroidBootstrap] [BOOTSTRAP LOG] [debug] Finding 'com.moji.mjweather:id/asu' using 'ID' with the contextId: '' multiple: false
[AndroidBootstrap] [BOOTSTRAP LOG] [debug] Using: UiSelector[INSTANCE=0, RESOURCE_ID=com.moji.mjweather:id/asu]
[AndroidBootstrap] [BOOTSTRAP LOG] [debug] Returning result: {"value":{"ELEMENT":"1"},"status":0}
[debug] [AndroidBootstrap] Received command result from bootstrap
[debug] [MJSONWP] Responding to client with driver.findElement() result: {"ELEMENT":"1"}
[HTTP] <-- POST /wd/hub/session/49217719-78da-45f0-af14-80b06e43684e/element 200 2118 ms - 87 
[HTTP] --> POST /wd/hub/session/49217719-78da-45f0-af14-80b06e43684e/element {"using":"id","value":"com.moji.mjweather:id/asu"}
[debug] [MJSONWP] Calling AppiumDriver.findElement() with args: ["id","com.moji.mjweather:id/asu","49217719-78da-45f0-af14-80b06e43684e"]
[debug] [BaseDriver] Valid locator strategies for this request: xpath, id, class name, accessibility id, -android uiautomator
[debug] [BaseDriver] Valid locator strategies for this request: xpath, id, class name, accessibility id, -android uiautomator
[debug] [BaseDriver] Waiting up to 0 ms for condition
[debug] [AndroidBootstrap] Sending command to android: {"cmd":"action","action":"find","params":{"strategy":"id","selector":"com.moji.mjweather:id/asu","context":"","multiple":false}}
[AndroidBootstrap] [BOOTSTRAP LOG] [debug] Got data from client: {"cmd":"action","action":"find","params":{"strategy":"id","selector":"com.moji.mjweather:id/asu","context":"","multiple":false}}
[AndroidBootstrap] [BOOTSTRAP LOG] [debug] Got command of type ACTION
[AndroidBootstrap] [BOOTSTRAP LOG] [debug] Got command action: find
[AndroidBootstrap] [BOOTSTRAP LOG] [debug] Finding 'com.moji.mjweather:id/asu' using 'ID' with the contextId: '' multiple: false
[AndroidBootstrap] [BOOTSTRAP LOG] [debug] Using: UiSelector[INSTANCE=0, RESOURCE_ID=com.moji.mjweather:id/asu]
[AndroidBootstrap] [BOOTSTRAP LOG] [debug] Returning result: {"value":{"ELEMENT":"2"},"status":0}
[debug] [AndroidBootstrap] Received command result from bootstrap
[debug] [MJSONWP] Responding to client with driver.findElement() result: {"ELEMENT":"2"}
[HTTP] <-- POST /wd/hub/session/49217719-78da-45f0-af14-80b06e43684e/element 200 35 ms - 87 
[HTTP] --> POST /wd/hub/session/49217719-78da-45f0-af14-80b06e43684e/element/2/click {"id":"2"}
[debug] [MJSONWP] Calling AppiumDriver.click() with args: ["2","49217719-78da-45f0-af14-80b06e43684e"]
[debug] [AndroidBootstrap] Sending command to android: {"cmd":"action","action":"element:click","params":{"elementId":"2"}}
[AndroidBootstrap] [BOOTSTRAP LOG] [debug] Got data from client: {"cmd":"action","action":"element:click","params":{"elementId":"2"}}
[AndroidBootstrap] [BOOTSTRAP LOG] [debug] Got command of type ACTION
[AndroidBootstrap] [BOOTSTRAP LOG] [debug] Got command action: click
[AndroidBootstrap] [BOOTSTRAP LOG] [debug] Returning result: {"value":true,"status":0}
[debug] [AndroidBootstrap] Received command result from bootstrap
[debug] [MJSONWP] Responding to client with driver.click() result: true
[HTTP] <-- POST /wd/hub/session/49217719-78da-45f0-af14-80b06e43684e/element/2/click 200 885 ms - 76 
[HTTP] --> POST /wd/hub/session/49217719-78da-45f0-af14-80b06e43684e/appium/device/press_keycode {"keycode":4}
[debug] [MJSONWP] Calling AppiumDriver.pressKeyCode() with args: [4,null,null,null,"49217719-78da-45f0-af14-80b06e43684e"]
[debug] [AndroidBootstrap] Sending command to android: {"cmd":"action","action":"pressKeyCode","params":{"keycode":4,"metastate":null}}
[AndroidBootstrap] [BOOTSTRAP LOG] [debug] Got data from client: {"cmd":"action","action":"pressKeyCode","params":{"keycode":4,"metastate":null}}
[AndroidBootstrap] [BOOTSTRAP LOG] [debug] Got command of type ACTION
[AndroidBootstrap] [BOOTSTRAP LOG] [debug] Got command action: pressKeyCode
[AndroidBootstrap] [BOOTSTRAP LOG] [debug] Returning result: {"value":true,"status":0}
[debug] [AndroidBootstrap] Received command result from bootstrap
[debug] [MJSONWP] Responding to client with driver.pressKeyCode() result: true
[HTTP] <-- POST /wd/hub/session/49217719-78da-45f0-af14-80b06e43684e/appium/device/press_keycode 200 145 ms - 76 
[HTTP] --> DELETE /wd/hub/session/49217719-78da-45f0-af14-80b06e43684e {}
[debug] [MJSONWP] Calling AppiumDriver.deleteSession() with args: ["49217719-78da-45f0-af14-80b06e43684e"]
[debug] [BaseDriver] Event 'quitSessionRequested' logged at 1500521868942 (11:37:48 GMT+0800 (中国标准时间))
[debug] [AndroidDriver] Shutting down Android driver
[debug] [AndroidDriver] Resetting IME to com.sohu.inputmethod.sogou/.SogouIME
[debug] [ADB] Getting connected devices...
[debug] [ADB] 1 device(s) connected
[debug] [ADB] Running 'C:\Android\sdk\platform-tools\adb.exe' with args: ["-P",5037,"-s","MSM8926","shell","ime","set","com.sohu.inputmethod.sogou/.SogouIME"]
[debug] [ADB] Getting connected devices...
[debug] [ADB] 1 device(s) connected
[debug] [ADB] Running 'C:\Android\sdk\platform-tools\adb.exe' with args: ["-P",5037,"-s","MSM8926","shell","am","force-stop","com.moji.mjweather"]
[debug] [ADB] Pressing the HOME button
[debug] [ADB] Getting connected devices...
[debug] [ADB] 1 device(s) connected
[debug] [ADB] Running 'C:\Android\sdk\platform-tools\adb.exe' with args: ["-P",5037,"-s","MSM8926","shell","input","keyevent",3]
[debug] [AndroidBootstrap] Sending command to android: {"cmd":"shutdown"}
[AndroidBootstrap] [BOOTSTRAP LOG] [debug] Got data from client: {"cmd":"shutdown"}
[AndroidBootstrap] [BOOTSTRAP LOG] [debug] Got command of type SHUTDOWN
[debug] [AndroidBootstrap] Received command result from bootstrap
[debug] [UiAutomator] Shutting down UiAutomator
[debug] [UiAutomator] Moving to state 'stopping'
[debug] [UiAutomator] UiAutomator shut down normally
[debug] [UiAutomator] Moving to state 'stopped'
[debug] [ADB] Attempting to kill all uiautomator processes
[debug] [ADB] Getting all processes with uiautomator
[debug] [ADB] Getting connected devices...
[debug] [ADB] 1 device(s) connected
[debug] [ADB] Running 'C:\Android\sdk\platform-tools\adb.exe' with args: ["-P",5037,"-s","MSM8926","shell","ps"]
[ADB] No uiautomator process found to kill, continuing...
[debug] [UiAutomator] Moving to state 'stopped'
[debug] [Logcat] Stopping logcat capture
[debug] [ADB] Getting connected devices...
[debug] [ADB] 1 device(s) connected
[debug] [ADB] Running 'C:\Android\sdk\platform-tools\adb.exe' with args: ["-P",5037,"-s","MSM8926","shell","am","force-stop","io.appium.unlock"]
[debug] [AndroidDriver] Not cleaning generated files. Add `clearSystemFiles` capability if wanted.
[Appium] Removing session 49217719-78da-45f0-af14-80b06e43684e from our master session list
[debug] [BaseDriver] Event 'quitSessionFinished' logged at 1500521872994 (11:37:52 GMT+0800 (中国标准时间))
[debug] [MJSONWP] Received response: null
[debug] [MJSONWP] But deleting session, so not returning
[debug] [MJSONWP] Responding to client with driver.deleteSession() result: null
[HTTP] <-- DELETE /wd/hub/session/49217719-78da-45f0-af14-80b06e43684e 200 4057 ms - 76 
